TN:
SF:app/layout.tsx
FN:9,RootLayout
FNF:1
FNH:1
FNDA:3,RootLayout
DA:7,1
DA:14,3
DA:30,1
LF:3
LH:3
BRF:0
BRH:0
end_of_record
TN:
SF:app/page.tsx
FN:7,Home
FN:18,(anonymous_1)
FNF:2
FNH:2
FNDA:7,Home
FNDA:21,(anonymous_1)
DA:8,7
DA:19,21
LF:2
LH:2
BRF:0
BRH:0
end_of_record
TN:
SF:app/blog/[slug]/page.tsx
FN:15,generateMetadata
FN:16,(anonymous_1)
FN:31,generateStaticParams
FN:32,(anonymous_3)
FN:38,BlogPost
FN:39,(anonymous_5)
FN:74,(anonymous_6)
FNF:7
FNH:4
FNDA:2,generateMetadata
FNDA:0,(anonymous_1)
FNDA:1,generateStaticParams
FNDA:0,(anonymous_3)
FNDA:7,BlogPost
FNDA:0,(anonymous_5)
FNDA:6,(anonymous_6)
DA:16,2
DA:18,2
DA:19,1
DA:25,1
DA:32,1
DA:39,7
DA:41,7
DA:42,4
DA:45,3
DA:75,6
LF:10
LH:10
BRDA:18,0,0,1
BRDA:18,0,1,1
BRDA:41,1,0,4
BRDA:41,1,1,3
BRF:4
BRH:4
end_of_record
TN:
SF:app/providers/theme-provider.tsx
FN:16,ThemeProvider
FN:19,(anonymous_1)
FN:27,(anonymous_2)
FN:37,useTheme
FNF:4
FNH:4
FNDA:5,ThemeProvider
FNDA:3,(anonymous_1)
FNDA:1,(anonymous_2)
FNDA:10,useTheme
DA:14,1
DA:17,5
DA:19,5
DA:20,3
DA:21,3
DA:22,1
DA:23,1
DA:27,5
DA:28,1
DA:29,1
DA:30,1
DA:31,1
DA:34,5
DA:38,10
DA:39,9
DA:40,4
DA:42,5
LF:17
LH:17
BRDA:21,0,0,1
BRDA:21,0,1,2
BRDA:28,1,0,1
BRDA:28,1,1,0
BRDA:39,2,0,4
BRDA:39,2,1,5
BRF:6
BRH:5
end_of_record
TN:
SF:components/blog-card/blog-card.tsx
FN:9,BlogCard
FNF:1
FNH:1
FNDA:5,BlogCard
DA:10,5
LF:1
LH:1
BRF:0
BRH:0
end_of_record
TN:
SF:components/header/header.tsx
FN:8,Header
FNF:1
FNH:1
FNDA:6,Header
DA:9,6
DA:11,6
LF:2
LH:2
BRDA:22,0,0,5
BRDA:22,0,1,1
BRF:2
BRH:2
end_of_record
TN:
SF:components/page-layout/page-layout.tsx
FN:5,PageLayout
FNF:1
FNH:1
FNDA:4,PageLayout
DA:6,4
LF:1
LH:1
BRF:0
BRH:0
end_of_record
TN:
SF:components/sidebar/sidebar.tsx
FN:3,Sidebar
FN:22,(anonymous_1)
FN:33,(anonymous_2)
FNF:3
FNH:0
FNDA:0,Sidebar
FNDA:0,(anonymous_1)
FNDA:0,(anonymous_2)
DA:4,0
DA:6,0
DA:8,0
DA:23,0
DA:34,0
LF:5
LH:0
BRF:0
BRH:0
end_of_record
