TN:
SF:app/layout.tsx
FN:9,RootLayout
FNF:1
FNH:0
FNDA:0,RootLayout
DA:7,0
DA:14,0
DA:30,0
LF:3
LH:0
BRF:0
BRH:0
end_of_record
TN:
SF:app/page.tsx
FN:7,Home
FN:18,(anonymous_1)
FNF:2
FNH:0
FNDA:0,Home
FNDA:0,(anonymous_1)
DA:8,0
DA:19,0
LF:2
LH:0
BRF:0
BRH:0
end_of_record
TN:
SF:app/blog/[slug]/page.tsx
FN:13,BlogPost
FN:14,(anonymous_1)
FN:49,(anonymous_2)
FNF:3
FNH:0
FNDA:0,BlogPost
FNDA:0,(anonymous_1)
FNDA:0,(anonymous_2)
DA:14,0
DA:16,0
DA:17,0
DA:20,0
DA:50,0
LF:5
LH:0
BRDA:16,0,0,0
BRDA:16,0,1,0
BRF:2
BRH:0
end_of_record
TN:
SF:app/providers/theme-provider.tsx
FN:16,ThemeProvider
FN:19,(anonymous_1)
FN:27,(anonymous_2)
FN:37,useTheme
FNF:4
FNH:0
FNDA:0,ThemeProvider
FNDA:0,(anonymous_1)
FNDA:0,(anonymous_2)
FNDA:0,useTheme
DA:14,0
DA:17,0
DA:19,0
DA:20,0
DA:21,0
DA:22,0
DA:23,0
DA:27,0
DA:28,0
DA:29,0
DA:30,0
DA:31,0
DA:34,0
DA:38,0
DA:39,0
DA:40,0
DA:42,0
LF:17
LH:0
BRDA:21,0,0,0
BRDA:21,0,1,0
BRDA:28,1,0,0
BRDA:28,1,1,0
BRDA:39,2,0,0
BRDA:39,2,1,0
BRF:6
BRH:0
end_of_record
TN:
SF:components/blog-card/blog-card.tsx
FN:9,BlogCard
FNF:1
FNH:0
FNDA:0,BlogCard
DA:10,0
LF:1
LH:0
BRF:0
BRH:0
end_of_record
TN:
SF:components/header/header.tsx
FN:8,Header
FNF:1
FNH:1
FNDA:6,Header
DA:9,6
DA:11,6
LF:2
LH:2
BRDA:22,0,0,5
BRDA:22,0,1,1
BRF:2
BRH:2
end_of_record
TN:
SF:components/page-layout/page-layout.tsx
FN:5,PageLayout
FNF:1
FNH:1
FNDA:4,PageLayout
DA:6,4
LF:1
LH:1
BRF:0
BRH:0
end_of_record
TN:
SF:components/sidebar/sidebar.tsx
FN:3,Sidebar
FN:22,(anonymous_1)
FN:33,(anonymous_2)
FNF:3
FNH:0
FNDA:0,Sidebar
FNDA:0,(anonymous_1)
FNDA:0,(anonymous_2)
DA:4,0
DA:6,0
DA:8,0
DA:23,0
DA:34,0
LF:5
LH:0
BRF:0
BRH:0
end_of_record
